{"/Users/eleanorheath/Desktop/Adapt/adapt_framework/src/Components/adapt-contrib-text/templates/text.jsx": {"path":"/Users/eleanorheath/Desktop/Adapt/adapt_framework/src/Components/adapt-contrib-text/templates/text.jsx","all":false,"statementMap":{"0":{"start":{"line":1,"column":0},"end":{"line":1,"column":26}},"1":{"start":{"line":2,"column":0},"end":{"line":2,"column":49}},"2":{"start":{"line":3,"column":0},"end":{"line":3,"column":0}},"3":{"start":{"line":4,"column":0},"end":{"line":4,"column":37}},"4":{"start":{"line":5,"column":0},"end":{"line":5,"column":10}},"5":{"start":{"line":6,"column":0},"end":{"line":6,"column":50}},"6":{"start":{"line":7,"column":0},"end":{"line":7,"column":37}},"7":{"start":{"line":8,"column":0},"end":{"line":8,"column":10}},"8":{"start":{"line":9,"column":0},"end":{"line":9,"column":4}},"9":{"start":{"line":10,"column":0},"end":{"line":10,"column":1}}},"s":{"0":1,"1":1,"2":1,"3":1,"4":1,"5":1,"6":1,"7":1,"8":1,"9":1},"branchMap":{"0":{"type":"branch","line":4,"loc":{"start":{"line":4,"column":15},"end":{"line":10,"column":1}},"locations":[{"start":{"line":4,"column":15},"end":{"line":10,"column":1}}]}},"b":{"0":[1]},"fnMap":{"0":{"name":"Text","decl":{"start":{"line":4,"column":15},"end":{"line":10,"column":1}},"loc":{"start":{"line":4,"column":15},"end":{"line":10,"column":1}},"line":4}},"f":{"0":1}}
}
